C51 COMPILER V9.60.0.0   MAIN                                                              08/13/2022 23:08:30 PAGE 1   


C51 COMPILER V9.60.0.0, COMPILATION OF MODULE MAIN
OBJECT MODULE PLACED IN .\Objects\main.obj
COMPILER INVOKED BY: D:\files\keil\C51\BIN\C51.EXE main.c OPTIMIZE(8,SPEED) BROWSE DEBUG OBJECTEXTEND PRINT(.\Listings\m
                    -ain.lst) OBJECT(.\Objects\main.obj)

line level    source

   1          #include <REGX52.H>
   2          #include "timer0.h"
   3          #include "key.h"
   4          #include <INTRINS.H>
   5          
   6          unsigned char keynum,LEDmode;
   7          void main(){
   8   1              P2=0xFE;
   9   1              Timer0_Init();
  10   1              while(1){
  11   2                      keynum = key();
  12   2                      if(keynum){
  13   3                              if(keynum==1){
  14   4                                      LEDmode++;
  15   4                                      if(LEDmode>=2)LEDmode=0;
  16   4                              }
  17   3                      }
  18   2              }
  19   1      }
  20          
  21          //interrupt function
  22          void Timer0_Routine() interrupt 1{
  23   1              static unsigned int T0Count;//keep value after quitting
  24   1              TH0=64535/256;
  25   1              TL0=64535%256;
  26   1              T0Count++;
  27   1              if(T0Count>=1000){
  28   2                      T0Count=0;
  29   2                      if(LEDmode==1){
  30   3                              P2=_crol_(P2,1);
  31   3                      }
  32   2                      if(LEDmode==0){
  33   3                              P2=_cror_(P2,1);
  34   3                      }
  35   2              }
  36   1      }


MODULE INFORMATION:   STATIC OVERLAYABLE
   CODE SIZE        =    246    ----
   CONSTANT SIZE    =   ----    ----
   XDATA SIZE       =   ----    ----
   PDATA SIZE       =   ----    ----
   DATA SIZE        =      4    ----
   IDATA SIZE       =   ----    ----
   BIT SIZE         =   ----    ----
END OF MODULE INFORMATION.


C51 COMPILATION COMPLETE.  0 WARNING(S),  0 ERROR(S)
