C51 COMPILER V9.60.0.0   UART                                                              08/20/2022 23:47:38 PAGE 1   


C51 COMPILER V9.60.0.0, COMPILATION OF MODULE UART
OBJECT MODULE PLACED IN .\Objects\UART.obj
COMPILER INVOKED BY: D:\files\keil\C51\BIN\C51.EXE UART.c OPTIMIZE(8,SPEED) BROWSE DEBUG OBJECTEXTEND PRINT(.\Listings\U
                    -ART.lst) OBJECT(.\Objects\UART.obj)

line level    source

   1          #include <REGX52.H>
   2          
   3          
   4          
   5          
   6          void UART_Init(){//4800bps@11.0592MHz
   7   1              
   8   1              SCON=0x50;              //0100 0000 8位UART，波特率可变 
   9   1              PCON |= 0x80;   //1000 0000 SMOD=1   波特率加倍 
  10   1              
  11   1              TMOD=TMOD&0x0F; //设置定时器模式 
  12   1              TMOD=TMOD|0x20;
  13   1              TL1 = 0xF4;             //设置定时初值 
  14   1              TH1 = 0xF4;             //设定定时器重装值  
  15   1              ET1 = 0;                //禁止定时器1中断 
  16   1              TR1 = 1;                //启动定时器1 
  17   1              
  18   1              EA=1;                   //开放cpu中断 
  19   1              ES=1;                   //开放串口中断 
  20   1      }
  21          
  22          void UART_SendByte(unsigned char Byte){   
  23   1              SBUF=Byte;
  24   1              while(TI==0);   //TI==1代表发送完成 
  25   1              TI=0;                   //需要手动置零 
  26   1      } 
  27          
  28          
  29          
  30          
  31          


MODULE INFORMATION:   STATIC OVERLAYABLE
   CODE SIZE        =     35    ----
   CONSTANT SIZE    =   ----    ----
   XDATA SIZE       =   ----    ----
   PDATA SIZE       =   ----    ----
   DATA SIZE        =   ----    ----
   IDATA SIZE       =   ----    ----
   BIT SIZE         =   ----    ----
END OF MODULE INFORMATION.


C51 COMPILATION COMPLETE.  0 WARNING(S),  0 ERROR(S)
