C51 COMPILER V9.60.0.0   MAIN                                                              07/24/2022 17:50:12 PAGE 1   


C51 COMPILER V9.60.0.0, COMPILATION OF MODULE MAIN
OBJECT MODULE PLACED IN .\Objects\main.obj
COMPILER INVOKED BY: D:\files\keil\C51\BIN\C51.EXE main.c OPTIMIZE(8,SPEED) BROWSE DEBUG OBJECTEXTEND PRINT(.\Listings\m
                    -ain.lst) TABS(2) OBJECT(.\Objects\main.obj)

line level    source

   1          #include <REGX52.H>
   2          #include <INTRINS.H>
   3          
   4          void Delay1000ms()    //@11.0592MHz
   5          {
   6   1        unsigned char i, j, k;
   7   1      
   8   1        _nop_();
   9   1        i = 8;
  10   1        j = 1;
  11   1        k = 243;
  12   1        do
  13   1        {
  14   2          do
  15   2          {
  16   3            while (--k);
  17   3          } while (--j);
  18   2        } while (--i);
  19   1      }
  20          
  21          void main(){
  22   1        while(1){
  23   2          P2=0xFE;//1111 1110
  24   2          Delay1000ms();
  25   2          P2=0xFD;//1111 1101
  26   2          Delay1000ms();
  27   2          P2=0xFB;//1111 1011
  28   2          Delay1000ms();
  29   2          P2=0xF7;//1111 0111
  30   2          Delay1000ms();
  31   2          P2=0xEF;//1110 1111
  32   2          Delay1000ms();
  33   2          P2=0xDF;//1101 1111
  34   2          Delay1000ms();
  35   2          P2=0xBF;//1011 1111
  36   2          Delay1000ms();
  37   2          P2=0x7F;//0111 1111
  38   2          Delay1000ms();
  39   2        }
  40   1      }


MODULE INFORMATION:   STATIC OVERLAYABLE
   CODE SIZE        =     64    ----
   CONSTANT SIZE    =   ----    ----
   XDATA SIZE       =   ----    ----
   PDATA SIZE       =   ----    ----
   DATA SIZE        =   ----    ----
   IDATA SIZE       =   ----    ----
   BIT SIZE         =   ----    ----
END OF MODULE INFORMATION.


C51 COMPILATION COMPLETE.  0 WARNING(S),  0 ERROR(S)
