C51 COMPILER V9.60.0.0   UART                                                              08/20/2022 23:19:15 PAGE 1   


C51 COMPILER V9.60.0.0, COMPILATION OF MODULE UART
OBJECT MODULE PLACED IN .\Objects\UART.obj
COMPILER INVOKED BY: D:\files\keil\C51\BIN\C51.EXE UART.c OPTIMIZE(8,SPEED) BROWSE DEBUG OBJECTEXTEND PRINT(.\Listings\U
                    -ART.lst) OBJECT(.\Objects\UART.obj)

line level    source

   1          #include <REGX52.H>
   2          
   3          
   4          
   5          
   6          
   7          void UART_Init(){//4800bps@11.0592MHz
   8   1              
   9   1              SCON=0x40;              //0100 0000 8位UART，波特率可变 
  10   1              PCON |= 0x80;   //1000 0000 SMOD=1   波特率加倍 
  11   1              
  12   1              TMOD=TMOD&0x0F; //设置定时器模式 
  13   1              TMOD=TMOD|0x20;
  14   1              TL1 = 0xF4;             //设置定时初值 
  15   1              TH1 = 0xF4;             //设定定时器重装值 
  16   1              ET1 = 0;                //禁止定时器1中断 
  17   1              TR1 = 1;                //启动定时器1 
  18   1      }
  19          
  20          void UART_SendByte(unsigned char Byte){
  21   1              SBUF=Byte;
  22   1              while(TI==0);   //TI==1代表发送完成 
  23   1              TI=0;                   //需要手动置零 
  24   1      } 
  25          
  26          
  27          


MODULE INFORMATION:   STATIC OVERLAYABLE
   CODE SIZE        =     31    ----
   CONSTANT SIZE    =   ----    ----
   XDATA SIZE       =   ----    ----
   PDATA SIZE       =   ----    ----
   DATA SIZE        =   ----    ----
   IDATA SIZE       =   ----    ----
   BIT SIZE         =   ----    ----
END OF MODULE INFORMATION.


C51 COMPILATION COMPLETE.  0 WARNING(S),  0 ERROR(S)
