C51 COMPILER V9.60.0.0   MAIN                                                              07/25/2022 15:23:50 PAGE 1   


C51 COMPILER V9.60.0.0, COMPILATION OF MODULE MAIN
OBJECT MODULE PLACED IN .\Objects\main.obj
COMPILER INVOKED BY: D:\files\keil\C51\BIN\C51.EXE main.c OPTIMIZE(8,SPEED) BROWSE DEBUG OBJECTEXTEND PRINT(.\Listings\m
                    -ain.lst) OBJECT(.\Objects\main.obj)

line level    source

   1          #include <REGX52.H>
   2          
   3          unsigned char nixietable[]={0x3F,0x06,0x5B};//only 0,1,2
   4          void Nixie(char location,int number){
   5   1              
   6   1              switch(location){
   7   2                      case 8:
   8   2                              P2_4=0;P2_3=0;P2_2=0;
   9   2                              break;
  10   2                      case 7:
  11   2                              P2_4=0;P2_3=0;P2_2=1;
  12   2                              break;
  13   2                      case 6:
  14   2                              P2_4=0;P2_3=1;P2_2=0;
  15   2                              break;
  16   2                      case 5:
  17   2                              P2_4=0;P2_3=1;P2_2=1;
  18   2                              break;
  19   2                      case 4:
  20   2                              P2_4=1;P2_3=0;P2_2=0;
  21   2                              break;
  22   2                      case 3:
  23   2                              P2_4=1;P2_3=0;P2_2=1;
  24   2                              break;
  25   2                      case 2:
  26   2                              P2_4=1;P2_3=1;P2_2=0;
  27   2                              break;
  28   2                      case 1:
  29   2                              P2_4=1;P2_3=1;P2_2=1;
  30   2                              break;
  31   2              }
  32   1              /*switch(number){
  33   1                      case 1:
  34   1                              P0=0x06;
  35   1                              break;
  36   1                      case 2:
  37   1                              P0=0x5B;
  38   1                              break;
  39   1                      case 3:
  40   1                              P0=0x4F;
  41   1                              break;
  42   1                      case  4:
  43   1                              P0=0x66;
  44   1                              break;
  45   1                      case  5:
  46   1                              P0=0x6D;
  47   1                              break;
  48   1                      case  6:
  49   1                              P0=0x7D;
  50   1                              break;
  51   1                      case  7:
  52   1                              P0=0x07;
  53   1                              break;
  54   1                      case  8:
C51 COMPILER V9.60.0.0   MAIN                                                              07/25/2022 15:23:50 PAGE 2   

  55   1                              P0=0x7F;
  56   1                              break;
  57   1              }*/
  58   1              P0=nixietable[number];
  59   1      }
  60          
  61          void main(){
  62   1              Nixie(2,2);
  63   1              while(1){
  64   2                      
  65   2              }
  66   1      }


MODULE INFORMATION:   STATIC OVERLAYABLE
   CODE SIZE        =    110    ----
   CONSTANT SIZE    =   ----    ----
   XDATA SIZE       =   ----    ----
   PDATA SIZE       =   ----    ----
   DATA SIZE        =      3    ----
   IDATA SIZE       =   ----    ----
   BIT SIZE         =   ----    ----
END OF MODULE INFORMATION.


C51 COMPILATION COMPLETE.  0 WARNING(S),  0 ERROR(S)
